<?xml version="1.0" encoding="utf-8"?><testsuites name="pytest tests"><testsuite name="pytest" errors="0" failures="0" skipped="0" tests="9" time="11.835" timestamp="2026-04-27T20:32:05.978146+00:00" hostname="agent-env-312f6b7c-ad67-4ceb-99df-a3e7cf9c682d"><testcase classname="backend.tests.backend_test.TestHealth" name="test_root" time="0.234" /><testcase classname="backend.tests.backend_test.TestGenerate" name="test_generate_empty_topic" time="0.066" /><testcase classname="backend.tests.backend_test.TestGenerate" name="test_generate_invalid_tone" time="0.064" /><testcase classname="backend.tests.backend_test.TestGenerate" name="test_generate_valid_short_casual" time="10.928" /><testcase classname="backend.tests.backend_test.TestList" name="test_list_blogs_contains_generated" time="0.059" /><testcase classname="backend.tests.backend_test.TestGet" name="test_get_blog_by_id" time="0.074" /><testcase classname="backend.tests.backend_test.TestGet" name="test_get_blog_not_found" time="0.065" /><testcase classname="backend.tests.backend_test.TestDelete" name="test_delete_blog" time="0.133" /><testcase classname="backend.tests.backend_test.TestDelete" name="test_delete_missing" time="0.062" /></testsuite></testsuites>